Determining if the pthread_create exist failed with the following output:
Change Dir: /home/egarcia/Development/UbuntuTouch/marvel-info-ut-scope/build-MarvelInfoScope-UbuntuSDK_for_armhf_GCC_ubuntu_sdk_15_04_vivid-Default/CMakeFiles/CMakeTmp

Run Build Command:"/usr/bin/make" "cmTryCompileExec3052471885/fast"
/usr/bin/make -f CMakeFiles/cmTryCompileExec3052471885.dir/build.make CMakeFiles/cmTryCompileExec3052471885.dir/build
make[1]: Entering directory '/home/egarcia/Development/UbuntuTouch/marvel-info-ut-scope/build-MarvelInfoScope-UbuntuSDK_for_armhf_GCC_ubuntu_sdk_15_04_vivid-Default/CMakeFiles/CMakeTmp'
/usr/bin/cmake -E cmake_progress_report /home/egarcia/Development/UbuntuTouch/marvel-info-ut-scope/build-MarvelInfoScope-UbuntuSDK_for_armhf_GCC_ubuntu_sdk_15_04_vivid-Default/CMakeFiles/CMakeTmp/CMakeFiles 1
Building C object CMakeFiles/cmTryCompileExec3052471885.dir/CheckSymbolExists.c.o
/usr/bin/arm-linux-gnueabihf-gcc    -o CMakeFiles/cmTryCompileExec3052471885.dir/CheckSymbolExists.c.o   -c /home/egarcia/Development/UbuntuTouch/marvel-info-ut-scope/build-MarvelInfoScope-UbuntuSDK_for_armhf_GCC_ubuntu_sdk_15_04_vivid-Default/CMakeFiles/CMakeTmp/CheckSymbolExists.c
Linking C executable cmTryCompileExec3052471885
/usr/bin/cmake -E cmake_link_script CMakeFiles/cmTryCompileExec3052471885.dir/link.txt --verbose=1
/usr/bin/arm-linux-gnueabihf-gcc       CMakeFiles/cmTryCompileExec3052471885.dir/CheckSymbolExists.c.o  -o cmTryCompileExec3052471885 -rdynamic 
CMakeFiles/cmTryCompileExec3052471885.dir/CheckSymbolExists.c.o: In function `main':
CheckSymbolExists.c:(.text+0xe): undefined reference to `pthread_create'
CheckSymbolExists.c:(.text+0x12): undefined reference to `pthread_create'
collect2: error: ld returned 1 exit status
CMakeFiles/cmTryCompileExec3052471885.dir/build.make:88: recipe for target 'cmTryCompileExec3052471885' failed
make[1]: Leaving directory '/home/egarcia/Development/UbuntuTouch/marvel-info-ut-scope/build-MarvelInfoScope-UbuntuSDK_for_armhf_GCC_ubuntu_sdk_15_04_vivid-Default/CMakeFiles/CMakeTmp'
Makefile:118: recipe for target 'cmTryCompileExec3052471885/fast' failed
make[1]: *** [cmTryCompileExec3052471885] Error 1
make: *** [cmTryCompileExec3052471885/fast] Error 2

File /home/egarcia/Development/UbuntuTouch/marvel-info-ut-scope/build-MarvelInfoScope-UbuntuSDK_for_armhf_GCC_ubuntu_sdk_15_04_vivid-Default/CMakeFiles/CMakeTmp/CheckSymbolExists.c:
/* */
#include <pthread.h>

int main(int argc, char** argv)
{
  (void)argv;
#ifndef pthread_create
  return ((int*)(&pthread_create))[argc];
#else
  (void)argc;
  return 0;
#endif
}

Determining if the function pthread_create exists in the pthreads failed with the following output:
Change Dir: /home/egarcia/Development/UbuntuTouch/marvel-info-ut-scope/build-MarvelInfoScope-UbuntuSDK_for_armhf_GCC_ubuntu_sdk_15_04_vivid-Default/CMakeFiles/CMakeTmp

Run Build Command:"/usr/bin/make" "cmTryCompileExec3302141551/fast"
/usr/bin/make -f CMakeFiles/cmTryCompileExec3302141551.dir/build.make CMakeFiles/cmTryCompileExec3302141551.dir/build
make[1]: Entering directory '/home/egarcia/Development/UbuntuTouch/marvel-info-ut-scope/build-MarvelInfoScope-UbuntuSDK_for_armhf_GCC_ubuntu_sdk_15_04_vivid-Default/CMakeFiles/CMakeTmp'
/usr/bin/cmake -E cmake_progress_report /home/egarcia/Development/UbuntuTouch/marvel-info-ut-scope/build-MarvelInfoScope-UbuntuSDK_for_armhf_GCC_ubuntu_sdk_15_04_vivid-Default/CMakeFiles/CMakeTmp/CMakeFiles 1
Building C object CMakeFiles/cmTryCompileExec3302141551.dir/CheckFunctionExists.c.o
/usr/bin/arm-linux-gnueabihf-gcc   -DCHECK_FUNCTION_EXISTS=pthread_create   -o CMakeFiles/cmTryCompileExec3302141551.dir/CheckFunctionExists.c.o   -c /usr/share/cmake-3.0/Modules/CheckFunctionExists.c
Linking C executable cmTryCompileExec3302141551
/usr/bin/cmake -E cmake_link_script CMakeFiles/cmTryCompileExec3302141551.dir/link.txt --verbose=1
/usr/bin/arm-linux-gnueabihf-gcc   -DCHECK_FUNCTION_EXISTS=pthread_create    CMakeFiles/cmTryCompileExec3302141551.dir/CheckFunctionExists.c.o  -o cmTryCompileExec3302141551 -rdynamic -lpthreads 
/usr/lib/gcc-cross/arm-linux-gnueabihf/4.9/../../../../arm-linux-gnueabihf/bin/ld: cannot find -lpthreads
collect2: error: ld returned 1 exit status
CMakeFiles/cmTryCompileExec3302141551.dir/build.make:88: recipe for target 'cmTryCompileExec3302141551' failed
make[1]: Leaving directory '/home/egarcia/Development/UbuntuTouch/marvel-info-ut-scope/build-MarvelInfoScope-UbuntuSDK_for_armhf_GCC_ubuntu_sdk_15_04_vivid-Default/CMakeFiles/CMakeTmp'
Makefile:118: recipe for target 'cmTryCompileExec3302141551/fast' failed
make[1]: *** [cmTryCompileExec3302141551] Error 1
make: *** [cmTryCompileExec3302141551/fast] Error 2


