Determining if the pthread_create exist failed with the following output:
Change Dir: /home/egarcia/Development/UbuntuTouch/marvel-info-ut-scope/build-MarvelInfoScope-Desktop-Default/CMakeFiles/CMakeTmp

Run Build Command:"/usr/bin/make" "cmTryCompileExec763173177/fast"
/usr/bin/make -f CMakeFiles/cmTryCompileExec763173177.dir/build.make CMakeFiles/cmTryCompileExec763173177.dir/build
make[1]: Entering directory '/home/egarcia/Development/UbuntuTouch/marvel-info-ut-scope/build-MarvelInfoScope-Desktop-Default/CMakeFiles/CMakeTmp'
/usr/bin/cmake -E cmake_progress_report /home/egarcia/Development/UbuntuTouch/marvel-info-ut-scope/build-MarvelInfoScope-Desktop-Default/CMakeFiles/CMakeTmp/CMakeFiles 1
Building C object CMakeFiles/cmTryCompileExec763173177.dir/CheckSymbolExists.c.o
/usr/bin/cc    -o CMakeFiles/cmTryCompileExec763173177.dir/CheckSymbolExists.c.o   -c /home/egarcia/Development/UbuntuTouch/marvel-info-ut-scope/build-MarvelInfoScope-Desktop-Default/CMakeFiles/CMakeTmp/CheckSymbolExists.c
Linking C executable cmTryCompileExec763173177
/usr/bin/cmake -E cmake_link_script CMakeFiles/cmTryCompileExec763173177.dir/link.txt --verbose=1
/usr/bin/cc       CMakeFiles/cmTryCompileExec763173177.dir/CheckSymbolExists.c.o  -o cmTryCompileExec763173177 -rdynamic 
CMakeFiles/cmTryCompileExec763173177.dir/CheckSymbolExists.c.o: En la función `main':
CheckSymbolExists.c:(.text+0x16): referencia a `pthread_create' sin definir
collect2: error: ld returned 1 exit status
CMakeFiles/cmTryCompileExec763173177.dir/build.make:88: recipe for target 'cmTryCompileExec763173177' failed
make[1]: Leaving directory '/home/egarcia/Development/UbuntuTouch/marvel-info-ut-scope/build-MarvelInfoScope-Desktop-Default/CMakeFiles/CMakeTmp'
Makefile:118: recipe for target 'cmTryCompileExec763173177/fast' failed
make[1]: *** [cmTryCompileExec763173177] Error 1
make: *** [cmTryCompileExec763173177/fast] Error 2

File /home/egarcia/Development/UbuntuTouch/marvel-info-ut-scope/build-MarvelInfoScope-Desktop-Default/CMakeFiles/CMakeTmp/CheckSymbolExists.c:
/* */
#include <pthread.h>

int main(int argc, char** argv)
{
  (void)argv;
#ifndef pthread_create
  return ((int*)(&pthread_create))[argc];
#else
  (void)argc;
  return 0;
#endif
}

Determining if the function pthread_create exists in the pthreads failed with the following output:
Change Dir: /home/egarcia/Development/UbuntuTouch/marvel-info-ut-scope/build-MarvelInfoScope-Desktop-Default/CMakeFiles/CMakeTmp

Run Build Command:"/usr/bin/make" "cmTryCompileExec4269636342/fast"
/usr/bin/make -f CMakeFiles/cmTryCompileExec4269636342.dir/build.make CMakeFiles/cmTryCompileExec4269636342.dir/build
make[1]: Entering directory '/home/egarcia/Development/UbuntuTouch/marvel-info-ut-scope/build-MarvelInfoScope-Desktop-Default/CMakeFiles/CMakeTmp'
/usr/bin/cmake -E cmake_progress_report /home/egarcia/Development/UbuntuTouch/marvel-info-ut-scope/build-MarvelInfoScope-Desktop-Default/CMakeFiles/CMakeTmp/CMakeFiles 1
Building C object CMakeFiles/cmTryCompileExec4269636342.dir/CheckFunctionExists.c.o
/usr/bin/cc   -DCHECK_FUNCTION_EXISTS=pthread_create   -o CMakeFiles/cmTryCompileExec4269636342.dir/CheckFunctionExists.c.o   -c /usr/share/cmake-3.0/Modules/CheckFunctionExists.c
Linking C executable cmTryCompileExec4269636342
/usr/bin/cmake -E cmake_link_script CMakeFiles/cmTryCompileExec4269636342.dir/link.txt --verbose=1
/usr/bin/cc   -DCHECK_FUNCTION_EXISTS=pthread_create    CMakeFiles/cmTryCompileExec4269636342.dir/CheckFunctionExists.c.o  -o cmTryCompileExec4269636342 -rdynamic -lpthreads 
/usr/bin/ld: no se puede encontrar -lpthreads
collect2: error: ld returned 1 exit status
CMakeFiles/cmTryCompileExec4269636342.dir/build.make:88: recipe for target 'cmTryCompileExec4269636342' failed
make[1]: Leaving directory '/home/egarcia/Development/UbuntuTouch/marvel-info-ut-scope/build-MarvelInfoScope-Desktop-Default/CMakeFiles/CMakeTmp'
Makefile:118: recipe for target 'cmTryCompileExec4269636342/fast' failed
make[1]: *** [cmTryCompileExec4269636342] Error 1
make: *** [cmTryCompileExec4269636342/fast] Error 2


